<?xml version="1.0" encoding="UTF-8"?>
<!-- Generated by org.testng.reporters.JUnitReportReporter -->
<testsuite hostname="Pratyush" failures="0" tests="4" name="api.test.UserTests2" time="17.998" errors="0" timestamp="2024-10-18T19:15:51 IST" skipped="0">
  <testcase classname="api.test.UserTests2" name="testPostUser" time="6.865"/>
  <testcase classname="api.test.UserTests2" name="testGetUserByName" time="3.933"/>
  <testcase classname="api.test.UserTests2" name="testUpdateUserByName" time="5.763"/>
  <testcase classname="api.test.UserTests2" name="testDeleteUserByName" time="1.437"/>
</testsuite> <!-- api.test.UserTests2 -->
