<?xml version="1.0" encoding="UTF-8"?>
<!-- Generated by org.testng.reporters.JUnitReportReporter -->
<testsuite hostname="Pratyush" failures="0" tests="4" name="api.test.UserTests" time="12.924" errors="0" timestamp="2024-10-18T13:35:49 IST" skipped="0">
  <testcase classname="api.test.UserTests" name="testPostUser" time="4.125"/>
  <testcase classname="api.test.UserTests" name="testGetUserByName" time="2.151"/>
  <testcase classname="api.test.UserTests" name="testUpdateUserByName" time="4.751"/>
  <testcase classname="api.test.UserTests" name="testDeleteUserByName" time="1.897"/>
</testsuite> <!-- api.test.UserTests -->
