<?xml version="1.0" encoding="UTF-8"?>
<!-- Generated by org.testng.reporters.JUnitReportReporter -->
<testsuite hostname="Pratyush" failures="0" tests="4" name="api.test.UserTests2" time="12.155" errors="0" timestamp="2024-10-19T13:28:50 IST" skipped="0">
  <testcase classname="api.test.UserTests2" name="testPostUser" time="4.214"/>
  <testcase classname="api.test.UserTests2" name="testGetUserByName" time="1.862"/>
  <testcase classname="api.test.UserTests2" name="testUpdateUserByName" time="4.257"/>
  <testcase classname="api.test.UserTests2" name="testDeleteUserByName" time="1.822"/>
</testsuite> <!-- api.test.UserTests2 -->
